<?xml version="1.0" encoding="UTF-8"?>
<testsuite xmlns:xsi="http://www.w3.org/2001/XMLSchema-instance" xsi:noNamespaceSchemaLocation="https://maven.apache.org/surefire/maven-surefire-plugin/xsd/surefire-test-report.xsd" version="3.0.2" name="com.example.SmartLoanApprovalSystemTest" time="0.146" tests="26" errors="0" skipped="0" failures="0">
  <properties>
[...]
</properties>
  <testcase name="testDtiJustAboveMaxIsRejected" classname="com.example.SmartLoanApprovalSystemTest" time="0.012"/>
  <testcase name="testCreditScoreBelowRangeThrowsException" classname="com.example.SmartLoanApprovalSystemTest" time="0.001"/>
  <testcase name="testNegativeIncomeThrowsInvalidCustomerDataException" classname="com.example.SmartLoanApprovalSystemTest" time="0.0"/>
  <testcase name="testNullCreditAssessmentInEvaluateThrowsException" classname="com.example.SmartLoanApprovalSystemTest" time="0.0"/>
  <testcase name="testAgeJustBelowMinimumIsRejected" classname="com.example.SmartLoanApprovalSystemTest" time="0.0"/>
  <testcase name="testZeroLoanAmountThrowsInvalidLoanApplicationException" classname="com.example.SmartLoanApprovalSystemTest" time="0.0"/>
  <testcase name="testCreditScoreAboveRangeThrowsException" classname="com.example.SmartLoanApprovalSystemTest" time="0.0"/>
  <testcase name="testDtiExactlyAtMaxAcceptableIsMediumNotRejected" classname="com.example.SmartLoanApprovalSystemTest" time="0.001"/>
  <testcase name="testEmptyGovernmentIdThrowsInvalidCustomerDataException" classname="com.example.SmartLoanApprovalSystemTest" time="0.0"/>
  <testcase name="testCreditScoreExactlyAtMinimumIsAccepted" classname="com.example.SmartLoanApprovalSystemTest" time="0.0"/>
  <testcase name="testLoanAmountExactlyAtMaxPermissibleIsAccepted" classname="com.example.SmartLoanApprovalSystemTest" time="0.0"/>
  <testcase name="testExistingDebtIsFactoredIntoDti" classname="com.example.SmartLoanApprovalSystemTest" time="0.0"/>
  <testcase name="testMultipleCriticalFailuresAreAllReported" classname="com.example.SmartLoanApprovalSystemTest" time="0.001"/>
  <testcase name="testDtiExactlyAtLowThresholdIsLowRisk" classname="com.example.SmartLoanApprovalSystemTest" time="0.0"/>
  <testcase name="testCreditScoreValidRangeBoundariesAreAccepted" classname="com.example.SmartLoanApprovalSystemTest" time="0.0"/>
  <testcase name="testLowRiskApproval" classname="com.example.SmartLoanApprovalSystemTest" time="0.001"/>
  <testcase name="testMediumRiskDueToModerateCreditScore" classname="com.example.SmartLoanApprovalSystemTest" time="0.0"/>
  <testcase name="testMediumRiskDueToModerateDti" classname="com.example.SmartLoanApprovalSystemTest" time="0.0"/>
  <testcase name="testNullApplicationInEvaluateThrowsException" classname="com.example.SmartLoanApprovalSystemTest" time="0.0"/>
  <testcase name="testCreditScoreJustBelowMinimumIsRejected" classname="com.example.SmartLoanApprovalSystemTest" time="0.001"/>
  <testcase name="testCreditScoreExactlyAtHighThresholdIsLowRisk" classname="com.example.SmartLoanApprovalSystemTest" time="0.0"/>
  <testcase name="testNullCustomerInApplicationThrowsException" classname="com.example.SmartLoanApprovalSystemTest" time="0.0"/>
  <testcase name="testNegativeAgeThrowsInvalidCustomerDataException" classname="com.example.SmartLoanApprovalSystemTest" time="0.0"/>
  <testcase name="testAgeExactlyMinimumIsNotACriticalFailure" classname="com.example.SmartLoanApprovalSystemTest" time="0.0"/>
  <testcase name="testZeroTenureThrowsInvalidLoanApplicationException" classname="com.example.SmartLoanApprovalSystemTest" time="0.0"/>
  <testcase name="testLoanAmountJustAboveMaxPermissibleIsRejected" classname="com.example.SmartLoanApprovalSystemTest" time="0.0"/>
</testsuite>